<?xml version="1.0" encoding="UTF-8"?>
<!-- Generated by org.testng.reporters.JUnitReportReporter -->
<testsuite skipped="0" hostname="LAPTOP-F3SU56H8" name="com.crm.vtigerTests.CreateContactWithOrganizationTestUsingGeneric" tests="1" failures="0" timestamp="2021-05-18T12:48:57 IST" time="19.871" errors="0">
  <testcase name="createContact" time="19.871" classname="com.crm.vtigerTests.CreateContactWithOrganizationTestUsingGeneric"/>
  <system-out/>
</testsuite> <!-- com.crm.vtigerTests.CreateContactWithOrganizationTestUsingGeneric -->
