<?xml version="1.0" encoding="UTF-8"?>
<!-- Generated by org.testng.reporters.JUnitReportReporter -->
<testsuite skipped="0" hostname="LAPTOP-F3SU56H8" name="com.crm.vtigerTests.CreateOrgWithIndustryTestUsingGenericClasses" tests="1" failures="0" timestamp="2021-05-19T13:01:24 IST" time="13.702" errors="0">
  <testcase name="createorgWithIndustry" time="13.702" classname="com.crm.vtigerTests.CreateOrgWithIndustryTestUsingGenericClasses"/>
  <system-out/>
</testsuite> <!-- com.crm.vtigerTests.CreateOrgWithIndustryTestUsingGenericClasses -->
