<?xml version="1.0" encoding="UTF-8"?>
<!-- Generated by org.testng.reporters.JUnitReportReporter -->
<testsuite skipped="0" hostname="LAPTOP-F3SU56H8" name="com.crm.vtigerTests.CreateOrganizationTestUsingGenericClasses" tests="1" failures="0" timestamp="2021-05-19T12:43:08 IST" time="13.852" errors="0">
  <testcase name="createOrganization" time="13.852" classname="com.crm.vtigerTests.CreateOrganizationTestUsingGenericClasses"/>
  <system-out/>
</testsuite> <!-- com.crm.vtigerTests.CreateOrganizationTestUsingGenericClasses -->
