<?xml version="1.0" encoding="UTF-8"?>
<!-- Generated by org.testng.reporters.JUnitReportReporter -->
<testsuite skipped="0" hostname="LAPTOP-F3SU56H8" name="com.crm.SDET_13.DataProviderTest" tests="2" failures="0" timestamp="2021-05-19T22:55:20 IST" time="0.006" errors="0">
  <testcase name="test" time="0.001" classname="com.crm.SDET_13.DataProviderTest"/>
  <system-out/>
  <testcase name="test" time="0.005" classname="com.crm.SDET_13.DataProviderTest"/>
  <system-out/>
</testsuite> <!-- com.crm.SDET_13.DataProviderTest -->
