<?xml version="1.0" encoding="UTF-8"?>
<!-- Generated by org.testng.reporters.JUnitReportReporter -->
<testsuite skipped="0" hostname="LAPTOP-F3SU56H8" name="com.crm.SDET_13.RepositoryTest" tests="1" failures="0" timestamp="2021-05-28T14:04:55 IST" time="5.097" errors="0">
  <testcase name="repotest" time="5.097" classname="com.crm.SDET_13.RepositoryTest"/>
  <system-out/>
</testsuite> <!-- com.crm.SDET_13.RepositoryTest -->
