<?xml version="1.0" encoding="UTF-8"?>
<!-- Generated by org.testng.reporters.JUnitReportReporter -->
<testsuite skipped="0" hostname="LAPTOP-F3SU56H8" name="com.crm.vtigerTests.CreateContactWithOrganizationTest" tests="1" failures="0" timestamp="2021-05-18T10:57:43 IST" time="8.477" errors="0">
  <testcase name="createContact" time="8.477" classname="com.crm.vtigerTests.CreateContactWithOrganizationTest"/>
  <system-out/>
</testsuite> <!-- com.crm.vtigerTests.CreateContactWithOrganizationTest -->
