<?xml version="1.0" encoding="UTF-8"?>
<!-- Generated by org.testng.reporters.JUnitReportReporter -->
<testsuite skipped="0" hostname="LAPTOP-F3SU56H8" name="com.crm.vtigerTests.A" tests="1" failures="0" timestamp="2021-05-16T20:38:30 IST" time="0.006" errors="0">
  <testcase name="testing" time="0.006" classname="com.crm.vtigerTests.A"/>
  <system-out/>
</testsuite> <!-- com.crm.vtigerTests.A -->
