<?xml version="1.0" encoding="UTF-8"?>
<!-- Generated by org.testng.reporters.JUnitReportReporter -->
<testsuite skipped="0" hostname="LAPTOP-F3SU56H8" name="com.crm.vtigerTests.CreateOrganizationTest" tests="1" failures="0" timestamp="2021-05-16T20:40:27 IST" time="7.593" errors="0">
  <testcase name="createOrganization" time="7.593" classname="com.crm.vtigerTests.CreateOrganizationTest"/>
  <system-out/>
</testsuite> <!-- com.crm.vtigerTests.CreateOrganizationTest -->
