<?xml version="1.0" encoding="UTF-8"?>
<!-- Generated by org.testng.reporters.JUnitReportReporter -->
<testsuite skipped="0" hostname="LAPTOP-F3SU56H8" name="com.crm.vtigerTests.CreateOrgWithIndustryTest" tests="1" failures="0" timestamp="2021-05-18T11:27:41 IST" time="7.752" errors="0">
  <testcase name="createorgWithIndustry" time="7.752" classname="com.crm.vtigerTests.CreateOrgWithIndustryTest"/>
  <system-out/>
</testsuite> <!-- com.crm.vtigerTests.CreateOrgWithIndustryTest -->
