<?xml version="1.0" encoding="UTF-8"?>
<!-- Generated by org.testng.reporters.JUnitReportReporter -->
<testsuite skipped="0" hostname="LAPTOP-F3SU56H8" name="com.crm.vtigerTests.CreateOrganizationTestUsingGeneric" tests="1" failures="0" timestamp="2021-05-18T12:19:46 IST" time="7.714" errors="0">
  <testcase name="createOrganization" time="7.714" classname="com.crm.vtigerTests.CreateOrganizationTestUsingGeneric"/>
  <system-out/>
</testsuite> <!-- com.crm.vtigerTests.CreateOrganizationTestUsingGeneric -->
