<?xml version="1.0" encoding="UTF-8"?>
<!-- Generated by org.testng.reporters.JUnitReportReporter -->
<testsuite skipped="0" hostname="LAPTOP-F3SU56H8" name="com.crm.vtigerTests.CreateOrgWithIndustryTestUsingGeneric" tests="1" failures="0" timestamp="2021-05-18T12:27:56 IST" time="7.686" errors="0">
  <testcase name="createorgWithIndustry" time="7.686" classname="com.crm.vtigerTests.CreateOrgWithIndustryTestUsingGeneric"/>
  <system-out/>
</testsuite> <!-- com.crm.vtigerTests.CreateOrgWithIndustryTestUsingGeneric -->
